<?xml version="1.0" encoding="UTF-8"?>
<robot generator="Robot 6.1.1 (Python 3.10.12 on linux)" generated="20231116 13:09:19.773" rpa="false" schemaversion="4">
<suite id="s1" name="Register" source="/home/jennahan/Documents/vuosi2/jakso2/ohtu/palautusrepositorio/viikko3/web-login/src/tests/register.robot">
<kw name="Open And Configure Browser" library="resource" type="SETUP">
<kw name="Evaluate" library="BuiltIn">
<var>${options}</var>
<arg>sys.modules['selenium.webdriver'].FirefoxOptions()</arg>
<arg>sys</arg>
<doc>Evaluates the given expression in Python and returns the result.</doc>
<msg timestamp="20231116 13:09:19.875" level="INFO">${options} = &lt;selenium.webdriver.firefox.options.Options object at 0x7f29c320b9d0&gt;</msg>
<status status="PASS" starttime="20231116 13:09:19.875" endtime="20231116 13:09:19.875"/>
</kw>
<kw name="Call Method" library="BuiltIn">
<arg>${options}</arg>
<arg>add_argument</arg>
<arg>--no-sandbox</arg>
<doc>Calls the named method of the given object with the provided arguments.</doc>
<status status="PASS" starttime="20231116 13:09:19.875" endtime="20231116 13:09:19.875"/>
</kw>
<kw name="Call Method" library="BuiltIn">
<arg>${options}</arg>
<arg>add_argument</arg>
<arg>--headless</arg>
<doc>Calls the named method of the given object with the provided arguments.</doc>
<status status="PASS" starttime="20231116 13:09:19.875" endtime="20231116 13:09:19.875"/>
</kw>
<kw name="Open Browser" library="SeleniumLibrary">
<arg>browser=chrome</arg>
<arg>options=${options}</arg>
<doc>Opens a new browser instance to the optional ``url``.</doc>
<msg timestamp="20231116 13:09:19.876" level="INFO">Opening browser 'chrome' to base url 'None'.</msg>
<status status="PASS" starttime="20231116 13:09:19.875" endtime="20231116 13:09:21.836"/>
</kw>
<kw name="Set Selenium Speed" library="SeleniumLibrary">
<arg>${DELAY}</arg>
<doc>Sets the delay that is waited after each Selenium command.</doc>
<status status="PASS" starttime="20231116 13:09:21.836" endtime="20231116 13:09:21.836"/>
</kw>
<status status="PASS" starttime="20231116 13:09:19.874" endtime="20231116 13:09:21.836"/>
</kw>
<test id="s1-t1" name="Register With Valid Username And Password" line="8">
<kw name="Go To Registering Page" type="SETUP">
<kw name="Go To Register Page" library="resource">
<kw name="Go To" library="SeleniumLibrary">
<arg>${REGISTER_URL}</arg>
<doc>Navigates the current browser window to the provided ``url``.</doc>
<msg timestamp="20231116 13:09:21.837" level="INFO">Opening url 'http://localhost:5001/register'</msg>
<status status="PASS" starttime="20231116 13:09:21.837" endtime="20231116 13:09:21.941"/>
</kw>
<status status="PASS" starttime="20231116 13:09:21.837" endtime="20231116 13:09:21.941"/>
</kw>
<kw name="Register Page Should Be Open" library="resource">
<kw name="Title Should Be" library="SeleniumLibrary">
<arg>Register</arg>
<doc>Verifies that the current page title equals ``title``.</doc>
<msg timestamp="20231116 13:09:21.942" level="INFO">Page title is 'Register'.</msg>
<status status="PASS" starttime="20231116 13:09:21.941" endtime="20231116 13:09:21.942"/>
</kw>
<status status="PASS" starttime="20231116 13:09:21.941" endtime="20231116 13:09:21.942"/>
</kw>
<status status="PASS" starttime="20231116 13:09:21.837" endtime="20231116 13:09:21.942"/>
</kw>
<kw name="Set Username">
<arg>koodari</arg>
<kw name="Input Text" library="SeleniumLibrary">
<arg>username</arg>
<arg>${username}</arg>
<doc>Types the given ``text`` into the text field identified by ``locator``.</doc>
<msg timestamp="20231116 13:09:21.943" level="INFO">Typing text 'koodari' into text field 'username'.</msg>
<status status="PASS" starttime="20231116 13:09:21.943" endtime="20231116 13:09:21.999"/>
</kw>
<status status="PASS" starttime="20231116 13:09:21.943" endtime="20231116 13:09:21.999"/>
</kw>
<kw name="Set Password">
<arg>salasana22</arg>
<kw name="Input Password" library="SeleniumLibrary">
<arg>password</arg>
<arg>${password}</arg>
<doc>Types the given password into the text field identified by ``locator``.</doc>
<msg timestamp="20231116 13:09:22.000" level="INFO">Typing password into text field 'password'.</msg>
<msg timestamp="20231116 13:09:22.005" level="INFO">Temporally setting log level to: NONE</msg>
<msg timestamp="20231116 13:09:22.009" level="INFO">Log level changed from NONE to INFO.</msg>
<status status="PASS" starttime="20231116 13:09:22.000" endtime="20231116 13:09:22.009"/>
</kw>
<status status="PASS" starttime="20231116 13:09:21.999" endtime="20231116 13:09:22.009"/>
</kw>
<kw name="Set Password Confirmation">
<arg>salasana22</arg>
<kw name="Input Password" library="SeleniumLibrary">
<arg>password_confirmation</arg>
<arg>${password_confirmation}</arg>
<doc>Types the given password into the text field identified by ``locator``.</doc>
<msg timestamp="20231116 13:09:22.010" level="INFO">Typing password into text field 'password_confirmation'.</msg>
<msg timestamp="20231116 13:09:22.015" level="INFO">Temporally setting log level to: NONE</msg>
<msg timestamp="20231116 13:09:22.019" level="INFO">Log level changed from NONE to INFO.</msg>
<status status="PASS" starttime="20231116 13:09:22.009" endtime="20231116 13:09:22.019"/>
</kw>
<status status="PASS" starttime="20231116 13:09:22.009" endtime="20231116 13:09:22.019"/>
</kw>
<kw name="Submit Credentials">
<kw name="Click Button" library="SeleniumLibrary">
<arg>Register</arg>
<doc>Clicks the button identified by ``locator``.</doc>
<msg timestamp="20231116 13:09:22.020" level="INFO">Clicking button 'Register'.</msg>
<status status="PASS" starttime="20231116 13:09:22.019" endtime="20231116 13:09:22.051"/>
</kw>
<status status="PASS" starttime="20231116 13:09:22.019" endtime="20231116 13:09:22.052"/>
</kw>
<kw name="Register Should Succeed">
<kw name="Welcome Page Should Be Open" library="resource">
<kw name="Title Should Be" library="SeleniumLibrary">
<arg>Welcome to Ohtu Application!</arg>
<doc>Verifies that the current page title equals ``title``.</doc>
<msg timestamp="20231116 13:09:22.053" level="INFO">Page title is 'Welcome to Ohtu Application!'.</msg>
<status status="PASS" starttime="20231116 13:09:22.052" endtime="20231116 13:09:22.053"/>
</kw>
<status status="PASS" starttime="20231116 13:09:22.052" endtime="20231116 13:09:22.053"/>
</kw>
<status status="PASS" starttime="20231116 13:09:22.052" endtime="20231116 13:09:22.053"/>
</kw>
<status status="PASS" starttime="20231116 13:09:21.836" endtime="20231116 13:09:22.053"/>
</test>
<test id="s1-t2" name="Register With Too Short Username And Valid Password" line="15">
<kw name="Go To Registering Page" type="SETUP">
<kw name="Go To Register Page" library="resource">
<kw name="Go To" library="SeleniumLibrary">
<arg>${REGISTER_URL}</arg>
<doc>Navigates the current browser window to the provided ``url``.</doc>
<msg timestamp="20231116 13:09:22.054" level="INFO">Opening url 'http://localhost:5001/register'</msg>
<status status="PASS" starttime="20231116 13:09:22.054" endtime="20231116 13:09:22.069"/>
</kw>
<status status="PASS" starttime="20231116 13:09:22.054" endtime="20231116 13:09:22.069"/>
</kw>
<kw name="Register Page Should Be Open" library="resource">
<kw name="Title Should Be" library="SeleniumLibrary">
<arg>Register</arg>
<doc>Verifies that the current page title equals ``title``.</doc>
<msg timestamp="20231116 13:09:22.071" level="INFO">Page title is 'Register'.</msg>
<status status="PASS" starttime="20231116 13:09:22.070" endtime="20231116 13:09:22.071"/>
</kw>
<status status="PASS" starttime="20231116 13:09:22.070" endtime="20231116 13:09:22.071"/>
</kw>
<status status="PASS" starttime="20231116 13:09:22.054" endtime="20231116 13:09:22.071"/>
</kw>
<kw name="Set Username">
<arg>mo</arg>
<kw name="Input Text" library="SeleniumLibrary">
<arg>username</arg>
<arg>${username}</arg>
<doc>Types the given ``text`` into the text field identified by ``locator``.</doc>
<msg timestamp="20231116 13:09:22.072" level="INFO">Typing text 'mo' into text field 'username'.</msg>
<status status="PASS" starttime="20231116 13:09:22.071" endtime="20231116 13:09:22.086"/>
</kw>
<status status="PASS" starttime="20231116 13:09:22.071" endtime="20231116 13:09:22.086"/>
</kw>
<kw name="Set Password">
<arg>salasana22</arg>
<kw name="Input Password" library="SeleniumLibrary">
<arg>password</arg>
<arg>${password}</arg>
<doc>Types the given password into the text field identified by ``locator``.</doc>
<msg timestamp="20231116 13:09:22.087" level="INFO">Typing password into text field 'password'.</msg>
<msg timestamp="20231116 13:09:22.091" level="INFO">Temporally setting log level to: NONE</msg>
<msg timestamp="20231116 13:09:22.095" level="INFO">Log level changed from NONE to INFO.</msg>
<status status="PASS" starttime="20231116 13:09:22.087" endtime="20231116 13:09:22.095"/>
</kw>
<status status="PASS" starttime="20231116 13:09:22.087" endtime="20231116 13:09:22.095"/>
</kw>
<kw name="Set Password Confirmation">
<arg>salasana22</arg>
<kw name="Input Password" library="SeleniumLibrary">
<arg>password_confirmation</arg>
<arg>${password_confirmation}</arg>
<doc>Types the given password into the text field identified by ``locator``.</doc>
<msg timestamp="20231116 13:09:22.096" level="INFO">Typing password into text field 'password_confirmation'.</msg>
<msg timestamp="20231116 13:09:22.100" level="INFO">Temporally setting log level to: NONE</msg>
<msg timestamp="20231116 13:09:22.106" level="INFO">Log level changed from NONE to INFO.</msg>
<status status="PASS" starttime="20231116 13:09:22.095" endtime="20231116 13:09:22.106"/>
</kw>
<status status="PASS" starttime="20231116 13:09:22.095" endtime="20231116 13:09:22.106"/>
</kw>
<kw name="Submit Credentials">
<kw name="Click Button" library="SeleniumLibrary">
<arg>Register</arg>
<doc>Clicks the button identified by ``locator``.</doc>
<msg timestamp="20231116 13:09:22.106" level="INFO">Clicking button 'Register'.</msg>
<status status="PASS" starttime="20231116 13:09:22.106" endtime="20231116 13:09:22.126"/>
</kw>
<status status="PASS" starttime="20231116 13:09:22.106" endtime="20231116 13:09:22.126"/>
</kw>
<kw name="Register Should Fail With Message">
<arg>Username must be at least 3 characters</arg>
<kw name="Register Page Should Be Open" library="resource">
<kw name="Title Should Be" library="SeleniumLibrary">
<arg>Register</arg>
<doc>Verifies that the current page title equals ``title``.</doc>
<msg timestamp="20231116 13:09:22.129" level="INFO">Page title is 'Register'.</msg>
<status status="PASS" starttime="20231116 13:09:22.127" endtime="20231116 13:09:22.129"/>
</kw>
<status status="PASS" starttime="20231116 13:09:22.127" endtime="20231116 13:09:22.129"/>
</kw>
<kw name="Page Should Contain" library="SeleniumLibrary">
<arg>${message}</arg>
<doc>Verifies that current page contains ``text``.</doc>
<msg timestamp="20231116 13:09:22.132" level="INFO">Current page contains text 'Username must be at least 3 characters'.</msg>
<status status="PASS" starttime="20231116 13:09:22.129" endtime="20231116 13:09:22.132"/>
</kw>
<status status="PASS" starttime="20231116 13:09:22.127" endtime="20231116 13:09:22.133"/>
</kw>
<status status="PASS" starttime="20231116 13:09:22.054" endtime="20231116 13:09:22.133"/>
</test>
<test id="s1-t3" name="Register With Valid Username And Invalid Password" line="22">
<kw name="Go To Registering Page" type="SETUP">
<kw name="Go To Register Page" library="resource">
<kw name="Go To" library="SeleniumLibrary">
<arg>${REGISTER_URL}</arg>
<doc>Navigates the current browser window to the provided ``url``.</doc>
<msg timestamp="20231116 13:09:22.134" level="INFO">Opening url 'http://localhost:5001/register'</msg>
<status status="PASS" starttime="20231116 13:09:22.133" endtime="20231116 13:09:22.146"/>
</kw>
<status status="PASS" starttime="20231116 13:09:22.133" endtime="20231116 13:09:22.146"/>
</kw>
<kw name="Register Page Should Be Open" library="resource">
<kw name="Title Should Be" library="SeleniumLibrary">
<arg>Register</arg>
<doc>Verifies that the current page title equals ``title``.</doc>
<msg timestamp="20231116 13:09:22.147" level="INFO">Page title is 'Register'.</msg>
<status status="PASS" starttime="20231116 13:09:22.146" endtime="20231116 13:09:22.147"/>
</kw>
<status status="PASS" starttime="20231116 13:09:22.146" endtime="20231116 13:09:22.147"/>
</kw>
<status status="PASS" starttime="20231116 13:09:22.133" endtime="20231116 13:09:22.147"/>
</kw>
<kw name="Set Username">
<arg>kampela</arg>
<kw name="Input Text" library="SeleniumLibrary">
<arg>username</arg>
<arg>${username}</arg>
<doc>Types the given ``text`` into the text field identified by ``locator``.</doc>
<msg timestamp="20231116 13:09:22.148" level="INFO">Typing text 'kampela' into text field 'username'.</msg>
<status status="PASS" starttime="20231116 13:09:22.148" endtime="20231116 13:09:22.161"/>
</kw>
<status status="PASS" starttime="20231116 13:09:22.148" endtime="20231116 13:09:22.161"/>
</kw>
<kw name="Set Password">
<arg>kultaharkko</arg>
<kw name="Input Password" library="SeleniumLibrary">
<arg>password</arg>
<arg>${password}</arg>
<doc>Types the given password into the text field identified by ``locator``.</doc>
<msg timestamp="20231116 13:09:22.162" level="INFO">Typing password into text field 'password'.</msg>
<msg timestamp="20231116 13:09:22.165" level="INFO">Temporally setting log level to: NONE</msg>
<msg timestamp="20231116 13:09:22.170" level="INFO">Log level changed from NONE to INFO.</msg>
<status status="PASS" starttime="20231116 13:09:22.161" endtime="20231116 13:09:22.170"/>
</kw>
<status status="PASS" starttime="20231116 13:09:22.161" endtime="20231116 13:09:22.170"/>
</kw>
<kw name="Set Password Confirmation">
<arg>kultaharkko</arg>
<kw name="Input Password" library="SeleniumLibrary">
<arg>password_confirmation</arg>
<arg>${password_confirmation}</arg>
<doc>Types the given password into the text field identified by ``locator``.</doc>
<msg timestamp="20231116 13:09:22.170" level="INFO">Typing password into text field 'password_confirmation'.</msg>
<msg timestamp="20231116 13:09:22.174" level="INFO">Temporally setting log level to: NONE</msg>
<msg timestamp="20231116 13:09:22.177" level="INFO">Log level changed from NONE to INFO.</msg>
<status status="PASS" starttime="20231116 13:09:22.170" endtime="20231116 13:09:22.177"/>
</kw>
<status status="PASS" starttime="20231116 13:09:22.170" endtime="20231116 13:09:22.177"/>
</kw>
<kw name="Submit Credentials">
<kw name="Click Button" library="SeleniumLibrary">
<arg>Register</arg>
<doc>Clicks the button identified by ``locator``.</doc>
<msg timestamp="20231116 13:09:22.178" level="INFO">Clicking button 'Register'.</msg>
<status status="PASS" starttime="20231116 13:09:22.178" endtime="20231116 13:09:22.200"/>
</kw>
<status status="PASS" starttime="20231116 13:09:22.178" endtime="20231116 13:09:22.200"/>
</kw>
<kw name="Register Should Fail With Message">
<arg>Password must not contain only letters</arg>
<kw name="Register Page Should Be Open" library="resource">
<kw name="Title Should Be" library="SeleniumLibrary">
<arg>Register</arg>
<doc>Verifies that the current page title equals ``title``.</doc>
<msg timestamp="20231116 13:09:22.208" level="INFO">Page title is 'Register'.</msg>
<status status="PASS" starttime="20231116 13:09:22.201" endtime="20231116 13:09:22.208"/>
</kw>
<status status="PASS" starttime="20231116 13:09:22.201" endtime="20231116 13:09:22.208"/>
</kw>
<kw name="Page Should Contain" library="SeleniumLibrary">
<arg>${message}</arg>
<doc>Verifies that current page contains ``text``.</doc>
<msg timestamp="20231116 13:09:22.229" level="INFO">Current page contains text 'Password must not contain only letters'.</msg>
<status status="PASS" starttime="20231116 13:09:22.208" endtime="20231116 13:09:22.229"/>
</kw>
<status status="PASS" starttime="20231116 13:09:22.201" endtime="20231116 13:09:22.229"/>
</kw>
<status status="PASS" starttime="20231116 13:09:22.133" endtime="20231116 13:09:22.229"/>
</test>
<test id="s1-t4" name="Register With Nonmatching Password And Password Confirmation" line="29">
<kw name="Go To Registering Page" type="SETUP">
<kw name="Go To Register Page" library="resource">
<kw name="Go To" library="SeleniumLibrary">
<arg>${REGISTER_URL}</arg>
<doc>Navigates the current browser window to the provided ``url``.</doc>
<msg timestamp="20231116 13:09:22.231" level="INFO">Opening url 'http://localhost:5001/register'</msg>
<status status="PASS" starttime="20231116 13:09:22.230" endtime="20231116 13:09:22.266"/>
</kw>
<status status="PASS" starttime="20231116 13:09:22.230" endtime="20231116 13:09:22.267"/>
</kw>
<kw name="Register Page Should Be Open" library="resource">
<kw name="Title Should Be" library="SeleniumLibrary">
<arg>Register</arg>
<doc>Verifies that the current page title equals ``title``.</doc>
<msg timestamp="20231116 13:09:22.269" level="INFO">Page title is 'Register'.</msg>
<status status="PASS" starttime="20231116 13:09:22.267" endtime="20231116 13:09:22.269"/>
</kw>
<status status="PASS" starttime="20231116 13:09:22.267" endtime="20231116 13:09:22.269"/>
</kw>
<status status="PASS" starttime="20231116 13:09:22.230" endtime="20231116 13:09:22.269"/>
</kw>
<kw name="Set Username">
<arg>kampela</arg>
<kw name="Input Text" library="SeleniumLibrary">
<arg>username</arg>
<arg>${username}</arg>
<doc>Types the given ``text`` into the text field identified by ``locator``.</doc>
<msg timestamp="20231116 13:09:22.270" level="INFO">Typing text 'kampela' into text field 'username'.</msg>
<status status="PASS" starttime="20231116 13:09:22.270" endtime="20231116 13:09:22.290"/>
</kw>
<status status="PASS" starttime="20231116 13:09:22.269" endtime="20231116 13:09:22.290"/>
</kw>
<kw name="Set Password">
<arg>kultaharkko22</arg>
<kw name="Input Password" library="SeleniumLibrary">
<arg>password</arg>
<arg>${password}</arg>
<doc>Types the given password into the text field identified by ``locator``.</doc>
<msg timestamp="20231116 13:09:22.291" level="INFO">Typing password into text field 'password'.</msg>
<msg timestamp="20231116 13:09:22.299" level="INFO">Temporally setting log level to: NONE</msg>
<msg timestamp="20231116 13:09:22.308" level="INFO">Log level changed from NONE to INFO.</msg>
<status status="PASS" starttime="20231116 13:09:22.291" endtime="20231116 13:09:22.308"/>
</kw>
<status status="PASS" starttime="20231116 13:09:22.290" endtime="20231116 13:09:22.309"/>
</kw>
<kw name="Set Password Confirmation">
<arg>punajuuri22</arg>
<kw name="Input Password" library="SeleniumLibrary">
<arg>password_confirmation</arg>
<arg>${password_confirmation}</arg>
<doc>Types the given password into the text field identified by ``locator``.</doc>
<msg timestamp="20231116 13:09:22.310" level="INFO">Typing password into text field 'password_confirmation'.</msg>
<msg timestamp="20231116 13:09:22.318" level="INFO">Temporally setting log level to: NONE</msg>
<msg timestamp="20231116 13:09:22.324" level="INFO">Log level changed from NONE to INFO.</msg>
<status status="PASS" starttime="20231116 13:09:22.309" endtime="20231116 13:09:22.324"/>
</kw>
<status status="PASS" starttime="20231116 13:09:22.309" endtime="20231116 13:09:22.324"/>
</kw>
<kw name="Submit Credentials">
<kw name="Click Button" library="SeleniumLibrary">
<arg>Register</arg>
<doc>Clicks the button identified by ``locator``.</doc>
<msg timestamp="20231116 13:09:22.325" level="INFO">Clicking button 'Register'.</msg>
<status status="PASS" starttime="20231116 13:09:22.325" endtime="20231116 13:09:22.400"/>
</kw>
<status status="PASS" starttime="20231116 13:09:22.325" endtime="20231116 13:09:22.400"/>
</kw>
<kw name="Register Should Fail With Message">
<arg>The passwords do not match</arg>
<kw name="Register Page Should Be Open" library="resource">
<kw name="Title Should Be" library="SeleniumLibrary">
<arg>Register</arg>
<doc>Verifies that the current page title equals ``title``.</doc>
<msg timestamp="20231116 13:09:22.403" level="INFO">Page title is 'Register'.</msg>
<status status="PASS" starttime="20231116 13:09:22.401" endtime="20231116 13:09:22.403"/>
</kw>
<status status="PASS" starttime="20231116 13:09:22.401" endtime="20231116 13:09:22.403"/>
</kw>
<kw name="Page Should Contain" library="SeleniumLibrary">
<arg>${message}</arg>
<doc>Verifies that current page contains ``text``.</doc>
<msg timestamp="20231116 13:09:22.410" level="INFO">Current page contains text 'The passwords do not match'.</msg>
<status status="PASS" starttime="20231116 13:09:22.403" endtime="20231116 13:09:22.410"/>
</kw>
<status status="PASS" starttime="20231116 13:09:22.401" endtime="20231116 13:09:22.410"/>
</kw>
<status status="PASS" starttime="20231116 13:09:22.229" endtime="20231116 13:09:22.410"/>
</test>
<kw name="Close Browser" library="SeleniumLibrary" type="TEARDOWN">
<doc>Closes the current browser.</doc>
<status status="PASS" starttime="20231116 13:09:22.412" endtime="20231116 13:09:24.019"/>
</kw>
<status status="PASS" starttime="20231116 13:09:19.774" endtime="20231116 13:09:24.019"/>
</suite>
<statistics>
<total>
<stat pass="4" fail="0" skip="0">All Tests</stat>
</total>
<tag>
</tag>
<suite>
<stat pass="4" fail="0" skip="0" id="s1" name="Register">Register</stat>
</suite>
</statistics>
<errors>
</errors>
</robot>
