<?xml version="1.0" encoding="UTF-8"?>
<robot generator="Robot 6.1.1 (Python 3.10.12 on linux)" generated="20231114 18:41:13.608" rpa="false" schemaversion="4">
<suite id="s1" name="Tests" source="/home/jennahan/Documents/vuosi2/jakso2/ohtu/palautusrepositorio/viikko3/login-robot/src/tests">
<suite id="s1-s1" name="Login" source="/home/jennahan/Documents/vuosi2/jakso2/ohtu/palautusrepositorio/viikko3/login-robot/src/tests/login.robot">
<test id="s1-s1-t1" name="Login With Correct Credentials" line="6">
<kw name="Create User And Input Login Command" type="SETUP">
<kw name="Create User" library="AppLibrary">
<arg>kalle</arg>
<arg>kalle123</arg>
<status status="PASS" starttime="20231114 18:41:13.627" endtime="20231114 18:41:13.627"/>
</kw>
<kw name="Input Login Command" library="resource">
<kw name="Input" library="AppLibrary">
<arg>login</arg>
<status status="PASS" starttime="20231114 18:41:13.628" endtime="20231114 18:41:13.628"/>
</kw>
<status status="PASS" starttime="20231114 18:41:13.627" endtime="20231114 18:41:13.628"/>
</kw>
<status status="PASS" starttime="20231114 18:41:13.627" endtime="20231114 18:41:13.628"/>
</kw>
<kw name="Input Credentials" library="resource">
<arg>kalle</arg>
<arg>kalle123</arg>
<kw name="Input" library="AppLibrary">
<arg>${username}</arg>
<status status="PASS" starttime="20231114 18:41:13.628" endtime="20231114 18:41:13.628"/>
</kw>
<kw name="Input" library="AppLibrary">
<arg>${password}</arg>
<status status="PASS" starttime="20231114 18:41:13.628" endtime="20231114 18:41:13.629"/>
</kw>
<kw name="Run Application" library="AppLibrary">
<status status="PASS" starttime="20231114 18:41:13.629" endtime="20231114 18:41:13.629"/>
</kw>
<status status="PASS" starttime="20231114 18:41:13.628" endtime="20231114 18:41:13.629"/>
</kw>
<kw name="Output Should Contain" library="AppLibrary">
<arg>Logged in</arg>
<status status="PASS" starttime="20231114 18:41:13.629" endtime="20231114 18:41:13.629"/>
</kw>
<status status="PASS" starttime="20231114 18:41:13.627" endtime="20231114 18:41:13.629"/>
</test>
<test id="s1-s1-t2" name="Login With Incorrect Password" line="10">
<kw name="Create User And Input Login Command" type="SETUP">
<kw name="Create User" library="AppLibrary">
<arg>kalle</arg>
<arg>kalle123</arg>
<status status="PASS" starttime="20231114 18:41:13.630" endtime="20231114 18:41:13.630"/>
</kw>
<kw name="Input Login Command" library="resource">
<kw name="Input" library="AppLibrary">
<arg>login</arg>
<status status="PASS" starttime="20231114 18:41:13.630" endtime="20231114 18:41:13.630"/>
</kw>
<status status="PASS" starttime="20231114 18:41:13.630" endtime="20231114 18:41:13.630"/>
</kw>
<status status="PASS" starttime="20231114 18:41:13.629" endtime="20231114 18:41:13.630"/>
</kw>
<kw name="Input Credentials" library="resource">
<arg>kalle</arg>
<arg>puuro</arg>
<kw name="Input" library="AppLibrary">
<arg>${username}</arg>
<status status="PASS" starttime="20231114 18:41:13.630" endtime="20231114 18:41:13.631"/>
</kw>
<kw name="Input" library="AppLibrary">
<arg>${password}</arg>
<status status="PASS" starttime="20231114 18:41:13.631" endtime="20231114 18:41:13.631"/>
</kw>
<kw name="Run Application" library="AppLibrary">
<status status="PASS" starttime="20231114 18:41:13.631" endtime="20231114 18:41:13.631"/>
</kw>
<status status="PASS" starttime="20231114 18:41:13.630" endtime="20231114 18:41:13.631"/>
</kw>
<kw name="Output Should Contain" library="AppLibrary">
<arg>Invalid username or password</arg>
<status status="PASS" starttime="20231114 18:41:13.631" endtime="20231114 18:41:13.631"/>
</kw>
<status status="PASS" starttime="20231114 18:41:13.629" endtime="20231114 18:41:13.631"/>
</test>
<test id="s1-s1-t3" name="Login With Nonexistent username" line="14">
<kw name="Create User And Input Login Command" type="SETUP">
<kw name="Create User" library="AppLibrary">
<arg>kalle</arg>
<arg>kalle123</arg>
<status status="PASS" starttime="20231114 18:41:13.632" endtime="20231114 18:41:13.632"/>
</kw>
<kw name="Input Login Command" library="resource">
<kw name="Input" library="AppLibrary">
<arg>login</arg>
<status status="PASS" starttime="20231114 18:41:13.632" endtime="20231114 18:41:13.632"/>
</kw>
<status status="PASS" starttime="20231114 18:41:13.632" endtime="20231114 18:41:13.632"/>
</kw>
<status status="PASS" starttime="20231114 18:41:13.632" endtime="20231114 18:41:13.632"/>
</kw>
<kw name="Input Credentials" library="resource">
<arg>kukka</arg>
<arg>ruukku</arg>
<kw name="Input" library="AppLibrary">
<arg>${username}</arg>
<status status="PASS" starttime="20231114 18:41:13.632" endtime="20231114 18:41:13.633"/>
</kw>
<kw name="Input" library="AppLibrary">
<arg>${password}</arg>
<status status="PASS" starttime="20231114 18:41:13.633" endtime="20231114 18:41:13.633"/>
</kw>
<kw name="Run Application" library="AppLibrary">
<status status="PASS" starttime="20231114 18:41:13.633" endtime="20231114 18:41:13.633"/>
</kw>
<status status="PASS" starttime="20231114 18:41:13.632" endtime="20231114 18:41:13.633"/>
</kw>
<kw name="Output Should Contain" library="AppLibrary">
<arg>Invalid username or password</arg>
<status status="PASS" starttime="20231114 18:41:13.633" endtime="20231114 18:41:13.633"/>
</kw>
<status status="PASS" starttime="20231114 18:41:13.631" endtime="20231114 18:41:13.633"/>
</test>
<status status="PASS" starttime="20231114 18:41:13.622" endtime="20231114 18:41:13.633"/>
</suite>
<status status="PASS" starttime="20231114 18:41:13.608" endtime="20231114 18:41:13.634"/>
</suite>
<statistics>
<total>
<stat pass="3" fail="0" skip="0">All Tests</stat>
</total>
<tag>
</tag>
<suite>
<stat pass="3" fail="0" skip="0" id="s1" name="Tests">Tests</stat>
<stat pass="3" fail="0" skip="0" id="s1-s1" name="Login">Tests.Login</stat>
</suite>
</statistics>
<errors>
</errors>
</robot>
