<?xml version="1.0" encoding="UTF-8"?>
<robot generator="Robot 6.1.1 (Python 3.10.12 on linux)" generated="20231115 16:26:41.469" rpa="false" schemaversion="4">
<suite id="s1" name="Tests" source="/home/jennahan/Documents/vuosi2/jakso2/ohtu/palautusrepositorio/viikko3/login-robot/src/tests">
<suite id="s1-s1" name="Login" source="/home/jennahan/Documents/vuosi2/jakso2/ohtu/palautusrepositorio/viikko3/login-robot/src/tests/login.robot">
<test id="s1-s1-t1" name="Login With Correct Credentials" line="6">
<kw name="Create User And Input Login Command" type="SETUP">
<kw name="Create User" library="AppLibrary">
<arg>kalle</arg>
<arg>kalle123</arg>
<status status="PASS" starttime="20231115 16:26:41.489" endtime="20231115 16:26:41.490"/>
</kw>
<kw name="Input Login Command" library="resource">
<kw name="Input" library="AppLibrary">
<arg>login</arg>
<status status="PASS" starttime="20231115 16:26:41.490" endtime="20231115 16:26:41.490"/>
</kw>
<status status="PASS" starttime="20231115 16:26:41.490" endtime="20231115 16:26:41.490"/>
</kw>
<status status="PASS" starttime="20231115 16:26:41.489" endtime="20231115 16:26:41.490"/>
</kw>
<kw name="Input Credentials" library="resource">
<arg>kalle</arg>
<arg>kalle123</arg>
<kw name="Input" library="AppLibrary">
<arg>${username}</arg>
<status status="PASS" starttime="20231115 16:26:41.490" endtime="20231115 16:26:41.491"/>
</kw>
<kw name="Input" library="AppLibrary">
<arg>${password}</arg>
<status status="PASS" starttime="20231115 16:26:41.491" endtime="20231115 16:26:41.491"/>
</kw>
<kw name="Run Application" library="AppLibrary">
<status status="PASS" starttime="20231115 16:26:41.491" endtime="20231115 16:26:41.491"/>
</kw>
<status status="PASS" starttime="20231115 16:26:41.490" endtime="20231115 16:26:41.491"/>
</kw>
<kw name="Output Should Contain" library="AppLibrary">
<arg>Logged in</arg>
<status status="PASS" starttime="20231115 16:26:41.491" endtime="20231115 16:26:41.491"/>
</kw>
<status status="PASS" starttime="20231115 16:26:41.489" endtime="20231115 16:26:41.491"/>
</test>
<test id="s1-s1-t2" name="Login With Incorrect Password" line="10">
<kw name="Create User And Input Login Command" type="SETUP">
<kw name="Create User" library="AppLibrary">
<arg>kalle</arg>
<arg>kalle123</arg>
<status status="PASS" starttime="20231115 16:26:41.492" endtime="20231115 16:26:41.492"/>
</kw>
<kw name="Input Login Command" library="resource">
<kw name="Input" library="AppLibrary">
<arg>login</arg>
<status status="PASS" starttime="20231115 16:26:41.492" endtime="20231115 16:26:41.492"/>
</kw>
<status status="PASS" starttime="20231115 16:26:41.492" endtime="20231115 16:26:41.492"/>
</kw>
<status status="PASS" starttime="20231115 16:26:41.492" endtime="20231115 16:26:41.492"/>
</kw>
<kw name="Input Credentials" library="resource">
<arg>kalle</arg>
<arg>puuro</arg>
<kw name="Input" library="AppLibrary">
<arg>${username}</arg>
<status status="PASS" starttime="20231115 16:26:41.493" endtime="20231115 16:26:41.493"/>
</kw>
<kw name="Input" library="AppLibrary">
<arg>${password}</arg>
<status status="PASS" starttime="20231115 16:26:41.493" endtime="20231115 16:26:41.493"/>
</kw>
<kw name="Run Application" library="AppLibrary">
<status status="PASS" starttime="20231115 16:26:41.493" endtime="20231115 16:26:41.493"/>
</kw>
<status status="PASS" starttime="20231115 16:26:41.492" endtime="20231115 16:26:41.493"/>
</kw>
<kw name="Output Should Contain" library="AppLibrary">
<arg>Invalid username or password</arg>
<status status="PASS" starttime="20231115 16:26:41.493" endtime="20231115 16:26:41.493"/>
</kw>
<status status="PASS" starttime="20231115 16:26:41.492" endtime="20231115 16:26:41.493"/>
</test>
<test id="s1-s1-t3" name="Login With Nonexistent username" line="14">
<kw name="Create User And Input Login Command" type="SETUP">
<kw name="Create User" library="AppLibrary">
<arg>kalle</arg>
<arg>kalle123</arg>
<status status="PASS" starttime="20231115 16:26:41.494" endtime="20231115 16:26:41.494"/>
</kw>
<kw name="Input Login Command" library="resource">
<kw name="Input" library="AppLibrary">
<arg>login</arg>
<status status="PASS" starttime="20231115 16:26:41.494" endtime="20231115 16:26:41.494"/>
</kw>
<status status="PASS" starttime="20231115 16:26:41.494" endtime="20231115 16:26:41.494"/>
</kw>
<status status="PASS" starttime="20231115 16:26:41.494" endtime="20231115 16:26:41.494"/>
</kw>
<kw name="Input Credentials" library="resource">
<arg>kukka</arg>
<arg>ruukku</arg>
<kw name="Input" library="AppLibrary">
<arg>${username}</arg>
<status status="PASS" starttime="20231115 16:26:41.495" endtime="20231115 16:26:41.495"/>
</kw>
<kw name="Input" library="AppLibrary">
<arg>${password}</arg>
<status status="PASS" starttime="20231115 16:26:41.495" endtime="20231115 16:26:41.495"/>
</kw>
<kw name="Run Application" library="AppLibrary">
<status status="PASS" starttime="20231115 16:26:41.495" endtime="20231115 16:26:41.495"/>
</kw>
<status status="PASS" starttime="20231115 16:26:41.494" endtime="20231115 16:26:41.495"/>
</kw>
<kw name="Output Should Contain" library="AppLibrary">
<arg>Invalid username or password</arg>
<status status="PASS" starttime="20231115 16:26:41.495" endtime="20231115 16:26:41.495"/>
</kw>
<status status="PASS" starttime="20231115 16:26:41.493" endtime="20231115 16:26:41.495"/>
</test>
<status status="PASS" starttime="20231115 16:26:41.484" endtime="20231115 16:26:41.496"/>
</suite>
<suite id="s1-s2" name="Register" source="/home/jennahan/Documents/vuosi2/jakso2/ohtu/palautusrepositorio/viikko3/login-robot/src/tests/register.robot">
<test id="s1-s2-t1" name="Register With Valid Username And Password" line="6">
<kw name="Input New Command And Create User" type="SETUP">
<kw name="Input New Command" library="resource">
<kw name="Input" library="AppLibrary">
<arg>new</arg>
<status status="PASS" starttime="20231115 16:26:41.498" endtime="20231115 16:26:41.499"/>
</kw>
<status status="PASS" starttime="20231115 16:26:41.498" endtime="20231115 16:26:41.499"/>
</kw>
<kw name="Create User" library="AppLibrary">
<arg>kissa</arg>
<arg>koira123</arg>
<status status="PASS" starttime="20231115 16:26:41.499" endtime="20231115 16:26:41.499"/>
</kw>
<status status="PASS" starttime="20231115 16:26:41.498" endtime="20231115 16:26:41.499"/>
</kw>
<kw name="Input Credentials" library="resource">
<arg>kahvikuppi</arg>
<arg>moccamaster2</arg>
<kw name="Input" library="AppLibrary">
<arg>${username}</arg>
<status status="PASS" starttime="20231115 16:26:41.499" endtime="20231115 16:26:41.499"/>
</kw>
<kw name="Input" library="AppLibrary">
<arg>${password}</arg>
<status status="PASS" starttime="20231115 16:26:41.499" endtime="20231115 16:26:41.499"/>
</kw>
<kw name="Run Application" library="AppLibrary">
<status status="PASS" starttime="20231115 16:26:41.499" endtime="20231115 16:26:41.499"/>
</kw>
<status status="PASS" starttime="20231115 16:26:41.499" endtime="20231115 16:26:41.500"/>
</kw>
<kw name="Output Should Contain" library="AppLibrary">
<arg>New user registered</arg>
<status status="PASS" starttime="20231115 16:26:41.500" endtime="20231115 16:26:41.500"/>
</kw>
<status status="PASS" starttime="20231115 16:26:41.498" endtime="20231115 16:26:41.500"/>
</test>
<test id="s1-s2-t2" name="Register With Already Taken Username And Valid Password" line="10">
<kw name="Input New Command And Create User" type="SETUP">
<kw name="Input New Command" library="resource">
<kw name="Input" library="AppLibrary">
<arg>new</arg>
<status status="PASS" starttime="20231115 16:26:41.500" endtime="20231115 16:26:41.501"/>
</kw>
<status status="PASS" starttime="20231115 16:26:41.500" endtime="20231115 16:26:41.501"/>
</kw>
<kw name="Create User" library="AppLibrary">
<arg>kissa</arg>
<arg>koira123</arg>
<status status="PASS" starttime="20231115 16:26:41.501" endtime="20231115 16:26:41.501"/>
</kw>
<status status="PASS" starttime="20231115 16:26:41.500" endtime="20231115 16:26:41.501"/>
</kw>
<try>
<branch type="TRY">
<kw name="Input Credentials" library="resource">
<arg>kissa</arg>
<arg>haamu123</arg>
<kw name="Input" library="AppLibrary">
<arg>${username}</arg>
<status status="PASS" starttime="20231115 16:26:41.501" endtime="20231115 16:26:41.501"/>
</kw>
<kw name="Input" library="AppLibrary">
<arg>${password}</arg>
<status status="PASS" starttime="20231115 16:26:41.501" endtime="20231115 16:26:41.502"/>
</kw>
<kw name="Run Application" library="AppLibrary">
<status status="PASS" starttime="20231115 16:26:41.502" endtime="20231115 16:26:41.502"/>
</kw>
<status status="PASS" starttime="20231115 16:26:41.501" endtime="20231115 16:26:41.502"/>
</kw>
<status status="PASS" starttime="20231115 16:26:41.501" endtime="20231115 16:26:41.502"/>
</branch>
<branch type="EXCEPT">
<pattern>User with username kissa already exists</pattern>
<kw name="Log" library="BuiltIn">
<arg>test succesful</arg>
<doc>Logs the given message with the given level.</doc>
<status status="NOT RUN" starttime="20231115 16:26:41.502" endtime="20231115 16:26:41.502"/>
</kw>
<status status="NOT RUN" starttime="20231115 16:26:41.502" endtime="20231115 16:26:41.502"/>
</branch>
<status status="PASS" starttime="20231115 16:26:41.501" endtime="20231115 16:26:41.502"/>
</try>
<status status="PASS" starttime="20231115 16:26:41.500" endtime="20231115 16:26:41.502"/>
</test>
<test id="s1-s2-t3" name="Register With Too Short Username And Valid Password" line="17">
<kw name="Input New Command And Create User" type="SETUP">
<kw name="Input New Command" library="resource">
<kw name="Input" library="AppLibrary">
<arg>new</arg>
<status status="PASS" starttime="20231115 16:26:41.503" endtime="20231115 16:26:41.503"/>
</kw>
<status status="PASS" starttime="20231115 16:26:41.503" endtime="20231115 16:26:41.503"/>
</kw>
<kw name="Create User" library="AppLibrary">
<arg>kissa</arg>
<arg>koira123</arg>
<status status="PASS" starttime="20231115 16:26:41.503" endtime="20231115 16:26:41.503"/>
</kw>
<status status="PASS" starttime="20231115 16:26:41.503" endtime="20231115 16:26:41.503"/>
</kw>
<kw name="Input Credentials" library="resource">
<arg>mo</arg>
<arg>kukkaruukku12</arg>
<kw name="Input" library="AppLibrary">
<arg>${username}</arg>
<status status="PASS" starttime="20231115 16:26:41.503" endtime="20231115 16:26:41.503"/>
</kw>
<kw name="Input" library="AppLibrary">
<arg>${password}</arg>
<status status="PASS" starttime="20231115 16:26:41.504" endtime="20231115 16:26:41.504"/>
</kw>
<kw name="Run Application" library="AppLibrary">
<status status="PASS" starttime="20231115 16:26:41.504" endtime="20231115 16:26:41.504"/>
</kw>
<status status="PASS" starttime="20231115 16:26:41.503" endtime="20231115 16:26:41.504"/>
</kw>
<kw name="Output Should Contain" library="AppLibrary">
<arg>Username must be at least 3 characters</arg>
<status status="PASS" starttime="20231115 16:26:41.504" endtime="20231115 16:26:41.504"/>
</kw>
<status status="PASS" starttime="20231115 16:26:41.502" endtime="20231115 16:26:41.504"/>
</test>
<test id="s1-s2-t4" name="Register With Enough Long But Invalid Username And Valid Password" line="21">
<kw name="Input New Command And Create User" type="SETUP">
<kw name="Input New Command" library="resource">
<kw name="Input" library="AppLibrary">
<arg>new</arg>
<status status="PASS" starttime="20231115 16:26:41.505" endtime="20231115 16:26:41.505"/>
</kw>
<status status="PASS" starttime="20231115 16:26:41.505" endtime="20231115 16:26:41.505"/>
</kw>
<kw name="Create User" library="AppLibrary">
<arg>kissa</arg>
<arg>koira123</arg>
<status status="PASS" starttime="20231115 16:26:41.505" endtime="20231115 16:26:41.505"/>
</kw>
<status status="PASS" starttime="20231115 16:26:41.504" endtime="20231115 16:26:41.505"/>
</kw>
<kw name="Input Credentials" library="resource">
<arg>kuppi3</arg>
<arg>matematiikka4</arg>
<kw name="Input" library="AppLibrary">
<arg>${username}</arg>
<status status="PASS" starttime="20231115 16:26:41.505" endtime="20231115 16:26:41.505"/>
</kw>
<kw name="Input" library="AppLibrary">
<arg>${password}</arg>
<status status="PASS" starttime="20231115 16:26:41.505" endtime="20231115 16:26:41.506"/>
</kw>
<kw name="Run Application" library="AppLibrary">
<status status="PASS" starttime="20231115 16:26:41.506" endtime="20231115 16:26:41.506"/>
</kw>
<status status="PASS" starttime="20231115 16:26:41.505" endtime="20231115 16:26:41.506"/>
</kw>
<kw name="Output Should Contain" library="AppLibrary">
<arg>Username must contain only letters a-z</arg>
<status status="PASS" starttime="20231115 16:26:41.506" endtime="20231115 16:26:41.506"/>
</kw>
<status status="PASS" starttime="20231115 16:26:41.504" endtime="20231115 16:26:41.506"/>
</test>
<test id="s1-s2-t5" name="Register With Valid Username And Too Short Password" line="25">
<kw name="Input New Command And Create User" type="SETUP">
<kw name="Input New Command" library="resource">
<kw name="Input" library="AppLibrary">
<arg>new</arg>
<status status="PASS" starttime="20231115 16:26:41.507" endtime="20231115 16:26:41.507"/>
</kw>
<status status="PASS" starttime="20231115 16:26:41.507" endtime="20231115 16:26:41.507"/>
</kw>
<kw name="Create User" library="AppLibrary">
<arg>kissa</arg>
<arg>koira123</arg>
<status status="PASS" starttime="20231115 16:26:41.507" endtime="20231115 16:26:41.507"/>
</kw>
<status status="PASS" starttime="20231115 16:26:41.506" endtime="20231115 16:26:41.507"/>
</kw>
<kw name="Input Credentials" library="resource">
<arg>krokotiili</arg>
<arg>hyppy1</arg>
<kw name="Input" library="AppLibrary">
<arg>${username}</arg>
<status status="PASS" starttime="20231115 16:26:41.507" endtime="20231115 16:26:41.508"/>
</kw>
<kw name="Input" library="AppLibrary">
<arg>${password}</arg>
<status status="PASS" starttime="20231115 16:26:41.508" endtime="20231115 16:26:41.508"/>
</kw>
<kw name="Run Application" library="AppLibrary">
<status status="PASS" starttime="20231115 16:26:41.508" endtime="20231115 16:26:41.508"/>
</kw>
<status status="PASS" starttime="20231115 16:26:41.507" endtime="20231115 16:26:41.508"/>
</kw>
<kw name="Output Should Contain" library="AppLibrary">
<arg>Password must be at least 8 characters</arg>
<status status="PASS" starttime="20231115 16:26:41.508" endtime="20231115 16:26:41.508"/>
</kw>
<status status="PASS" starttime="20231115 16:26:41.506" endtime="20231115 16:26:41.508"/>
</test>
<test id="s1-s2-t6" name="Register With Valid Username And Long Enough Password Containing Only Letters" line="29">
<kw name="Input New Command And Create User" type="SETUP">
<kw name="Input New Command" library="resource">
<kw name="Input" library="AppLibrary">
<arg>new</arg>
<status status="PASS" starttime="20231115 16:26:41.509" endtime="20231115 16:26:41.509"/>
</kw>
<status status="PASS" starttime="20231115 16:26:41.509" endtime="20231115 16:26:41.509"/>
</kw>
<kw name="Create User" library="AppLibrary">
<arg>kissa</arg>
<arg>koira123</arg>
<status status="PASS" starttime="20231115 16:26:41.509" endtime="20231115 16:26:41.509"/>
</kw>
<status status="PASS" starttime="20231115 16:26:41.509" endtime="20231115 16:26:41.509"/>
</kw>
<kw name="Input Credentials" library="resource">
<arg>krokotiili</arg>
<arg>hyppykeppi</arg>
<kw name="Input" library="AppLibrary">
<arg>${username}</arg>
<status status="PASS" starttime="20231115 16:26:41.509" endtime="20231115 16:26:41.509"/>
</kw>
<kw name="Input" library="AppLibrary">
<arg>${password}</arg>
<status status="PASS" starttime="20231115 16:26:41.510" endtime="20231115 16:26:41.510"/>
</kw>
<kw name="Run Application" library="AppLibrary">
<status status="PASS" starttime="20231115 16:26:41.510" endtime="20231115 16:26:41.510"/>
</kw>
<status status="PASS" starttime="20231115 16:26:41.509" endtime="20231115 16:26:41.510"/>
</kw>
<kw name="Output Should Contain" library="AppLibrary">
<arg>Password must not contain only letters</arg>
<status status="PASS" starttime="20231115 16:26:41.510" endtime="20231115 16:26:41.510"/>
</kw>
<status status="PASS" starttime="20231115 16:26:41.508" endtime="20231115 16:26:41.510"/>
</test>
<status status="PASS" starttime="20231115 16:26:41.496" endtime="20231115 16:26:41.510"/>
</suite>
<status status="PASS" starttime="20231115 16:26:41.470" endtime="20231115 16:26:41.511"/>
</suite>
<statistics>
<total>
<stat pass="9" fail="0" skip="0">All Tests</stat>
</total>
<tag>
</tag>
<suite>
<stat pass="9" fail="0" skip="0" id="s1" name="Tests">Tests</stat>
<stat pass="3" fail="0" skip="0" id="s1-s1" name="Login">Tests.Login</stat>
<stat pass="6" fail="0" skip="0" id="s1-s2" name="Register">Tests.Register</stat>
</suite>
</statistics>
<errors>
</errors>
</robot>
